<?xml version="1.0" encoding="UTF-8"?>
<testng-results ignored="0" total="2" passed="2" failed="0" skipped="0">
  <reporter-output>
  </reporter-output>
  <suite started-at="2022-07-03T15:00:20 IST" name="Default suite" finished-at="2022-07-03T15:00:51 IST" duration-ms="31525">
    <groups>
    </groups>
    <test started-at="2022-07-03T15:00:20 IST" name="Default test" finished-at="2022-07-03T15:00:51 IST" duration-ms="31525">
      <class name="Test.ZerodhaHometest">
        <test-method is-config="true" signature="open()[pri:0, instance:Test.ZerodhaHometest@7fee8714]" started-at="2022-07-03T15:00:20 IST" name="open" finished-at="2022-07-03T15:00:26 IST" duration-ms="5989" status="PASS">
          <reporter-output>
          </reporter-output>
        </test-method> <!-- open -->
        <test-method signature="loginn()[pri:1, instance:Test.ZerodhaHometest@7fee8714]" started-at="2022-07-03T15:00:26 IST" name="loginn" finished-at="2022-07-03T15:00:28 IST" duration-ms="1916" status="PASS">
          <reporter-output>
          </reporter-output>
        </test-method> <!-- loginn -->
        <test-method is-config="true" signature="screenshotsss1()[pri:0, instance:Test.ZerodhaHometest@7fee8714]" started-at="2022-07-03T15:00:28 IST" name="screenshotsss1" finished-at="2022-07-03T15:00:29 IST" duration-ms="1672" status="PASS">
          <reporter-output>
          </reporter-output>
        </test-method> <!-- screenshotsss1 -->
        <test-method is-config="true" signature="open()[pri:0, instance:Test.ZerodhaHometest@7fee8714]" started-at="2022-07-03T15:00:29 IST" name="open" finished-at="2022-07-03T15:00:42 IST" duration-ms="12194" status="PASS">
          <reporter-output>
          </reporter-output>
        </test-method> <!-- open -->
        <test-method signature="hometest()[pri:2, instance:Test.ZerodhaHometest@7fee8714]" started-at="2022-07-03T15:00:42 IST" name="hometest" finished-at="2022-07-03T15:00:47 IST" duration-ms="5397" status="PASS">
          <reporter-output>
          </reporter-output>
        </test-method> <!-- hometest -->
        <test-method is-config="true" signature="screenshotsss1()[pri:0, instance:Test.ZerodhaHometest@7fee8714]" started-at="2022-07-03T15:00:47 IST" name="screenshotsss1" finished-at="2022-07-03T15:00:47 IST" duration-ms="351" status="PASS">
          <reporter-output>
          </reporter-output>
        </test-method> <!-- screenshotsss1 -->
        <test-method is-config="true" signature="closewindow()[pri:0, instance:Test.ZerodhaHometest@7fee8714]" started-at="2022-07-03T15:00:47 IST" name="closewindow" finished-at="2022-07-03T15:00:51 IST" duration-ms="3948" status="PASS">
          <reporter-output>
          </reporter-output>
        </test-method> <!-- closewindow -->
      </class> <!-- Test.ZerodhaHometest -->
    </test> <!-- Default test -->
  </suite> <!-- Default suite -->
</testng-results>
