<?xml version="1.0" encoding="UTF-8"?>
<testng-results ignored="0" total="1" passed="1" failed="0" skipped="0">
  <reporter-output>
  </reporter-output>
  <suite started-at="2022-06-30T15:58:47 IST" name="Default suite" finished-at="2022-06-30T15:59:04 IST" duration-ms="16578">
    <groups>
    </groups>
    <test started-at="2022-06-30T15:58:47 IST" name="Default test" finished-at="2022-06-30T15:59:04 IST" duration-ms="16578">
      <class name="Test.ZerodhaHometest">
        <test-method is-config="true" signature="open()[pri:0, instance:Test.ZerodhaHometest@3232a28a]" started-at="2022-06-30T15:58:47 IST" name="open" finished-at="2022-06-30T15:58:53 IST" duration-ms="6257" status="PASS">
          <reporter-output>
          </reporter-output>
        </test-method> <!-- open -->
        <test-method signature="loginn()[pri:0, instance:Test.ZerodhaHometest@3232a28a]" started-at="2022-06-30T15:58:53 IST" name="loginn" finished-at="2022-06-30T15:59:01 IST" duration-ms="7080" status="PASS">
          <reporter-output>
          </reporter-output>
        </test-method> <!-- loginn -->
        <test-method is-config="true" signature="closewindow()[pri:0, instance:Test.ZerodhaHometest@3232a28a]" started-at="2022-06-30T15:59:01 IST" name="closewindow" finished-at="2022-06-30T15:59:04 IST" duration-ms="3179" status="PASS">
          <reporter-output>
          </reporter-output>
        </test-method> <!-- closewindow -->
      </class> <!-- Test.ZerodhaHometest -->
    </test> <!-- Default test -->
  </suite> <!-- Default suite -->
</testng-results>
